2021-05-08T07:15:31.497Z - normal: Load ~/.CocosCreator/settings.json
2021-05-08T07:15:31.551Z - normal: Initializing Asset Database
2021-05-08T07:15:31.554Z - normal: checking language setting...
2021-05-08T07:15:31.555Z - normal: Language: zh
2021-05-08T07:15:32.760Z - success: preview server running at http://localhost:7456
2021-05-08T07:15:32.777Z - success: protocol editor-framework registered
2021-05-08T07:15:32.778Z - success: protocol app registered
2021-05-08T07:15:32.778Z - success: protocol theme registered
2021-05-08T07:15:32.778Z - success: protocol packages registered
2021-05-08T07:15:32.778Z - success: protocol uuid registerred
2021-05-08T07:15:32.778Z - success: protocol db registerred
2021-05-08T07:15:32.778Z - success: protocol thumbnail registerred
2021-05-08T07:15:32.778Z - success: protocol unpack registerred
2021-05-08T07:15:32.779Z - success: protocol disable-commonjs registerred
2021-05-08T07:15:35.356Z - normal: connected!
2021-05-08T07:15:35.357Z - normal: Check project /Users/hello/testObjectC
2021-05-08T07:15:35.358Z - normal: Initializing project /Users/hello/testObjectC
2021-05-08T07:15:35.381Z - success: adapters loaded
2021-05-08T07:15:35.384Z - success: asset-db-debugger loaded
2021-05-08T07:15:35.451Z - success: fb-audience-network loaded
2021-05-08T07:15:35.488Z - success: fb-live-stream loaded
2021-05-08T07:15:35.490Z - success: google-play-instant loaded
2021-05-08T07:15:35.491Z - success: huawei-adapter loaded
2021-05-08T07:15:35.492Z - success: jkw-adapter loaded
2021-05-08T07:15:35.492Z - success: jsb-adapter loaded
2021-05-08T07:15:35.493Z - success: oppo-adapter loaded
2021-05-08T07:15:35.497Z - success: package-manager loaded
2021-05-08T07:15:35.498Z - success: qtt-adapter loaded
2021-05-08T07:15:35.500Z - success: runtime-dev-tools loaded
2021-05-08T07:15:35.505Z - success: sdkbox loaded
2021-05-08T07:15:35.509Z - success: ui-kit-preview-extra loaded
2021-05-08T07:15:35.512Z - success: ui-kit-preview loaded
2021-05-08T07:15:35.512Z - success: vivo-adapter loaded
2021-05-08T07:15:35.568Z - success: alipay-minigame loaded
2021-05-08T07:15:35.628Z - success: assets loaded
2021-05-08T07:15:35.632Z - success: baidugame-opendata loaded
2021-05-08T07:15:35.633Z - success: baidugame loaded
2021-05-08T07:15:35.636Z - success: builder loaded
2021-05-08T07:15:35.800Z - success: cocos-services loaded
2021-05-08T07:15:35.804Z - success: console loaded
2021-05-08T07:15:35.806Z - success: curve-editor loaded
2021-05-08T07:15:35.816Z - success: fb-instant-games loaded
2021-05-08T07:15:35.819Z - success: game-window loaded
2021-05-08T07:15:35.820Z - success: google-instant-games loaded
2021-05-08T07:15:35.824Z - success: hierarchy loaded
2021-05-08T07:15:35.827Z - success: huawei-runtime loaded
2021-05-08T07:15:35.829Z - success: inspector loaded
2021-05-08T07:15:35.899Z - success: cpk-publish loaded
2021-05-08T07:15:35.899Z - success: keystore loaded
2021-05-08T07:15:35.905Z - success: node-library loaded
2021-05-08T07:15:35.906Z - success: open-recent-items loaded
2021-05-08T07:15:35.908Z - success: oppo-runtime loaded
2021-05-08T07:15:35.910Z - success: package-asset loaded
2021-05-08T07:15:35.911Z - success: preferences loaded
2021-05-08T07:15:35.918Z - success: project-importer loaded
2021-05-08T07:15:35.920Z - success: project-settings loaded
2021-05-08T07:15:35.933Z - success: qtt-runtime loaded
2021-05-08T07:15:35.936Z - success: scene loaded
2021-05-08T07:15:35.937Z - success: simulator-debugger loaded
2021-05-08T07:15:35.938Z - success: sprite-editor loaded
2021-05-08T07:15:35.940Z - success: store loaded
2021-05-08T07:15:35.944Z - success: timeline loaded
2021-05-08T07:15:35.948Z - success: vivo-runtime loaded
2021-05-08T07:15:35.951Z - success: wechatgame-opendata loaded
2021-05-08T07:15:35.955Z - success: wechatgame loaded
2021-05-08T07:15:35.959Z - success: xiaomi-runtime loaded
2021-05-08T07:15:36.171Z - success: im-plugin loaded
2021-05-08T07:15:37.863Z - normal: Initializing Cocos2d
2021-05-08T07:15:38.255Z - normal: Initializing engine extends
2021-05-08T07:15:39.166Z - info: Cocos Service load base data!
2021-05-08T07:15:44.068Z - normal: Loading packages
2021-05-08T07:15:44.071Z - normal: Watching packages
2021-05-08T07:15:44.216Z - normal: Run Application
